<?xml version="1.0" encoding="UTF-8"?>
<!-- Generated by org.testng.reporters.JUnitXMLReporter -->
<testsuite ignored="0" hostname="PC-f7ad11" failures="0" tests="3" name="Default test" time="1.215" errors="0" timestamp="2022-09-15T21:23:09 IST">
  <testcase classname="Task.Customer" name="createcustomer" time="0.009"/>
  <testcase classname="Task.Customer" name="createcustomer" time="0.002"/>
  <testcase classname="Task.Customer" name="createcustomer" time="0.002"/>
</testsuite> <!-- Default test -->
