<?xml version="1.0" encoding="UTF-8"?>
<!-- Generated by org.testng.reporters.JUnitXMLReporter -->
<testsuite ignored="0" hostname="PC-f7ad11" failures="0" tests="3" name="Default test" time="0.101" errors="0" timestamp="2022-09-02T21:38:33 IST">
  <testcase classname="Task.Project" name="add_task_project" time="0.011"/>
  <testcase classname="Task.Project" name="createproject" time="0.002"/>
  <testcase classname="Task.Project" name="deleteproject" time="0.002"/>
</testsuite> <!-- Default test -->
