<?xml version="1.0" encoding="UTF-8"?>
<!-- Generated by org.testng.reporters.JUnitXMLReporter -->
<testsuite ignored="0" hostname="PC-f7ad11" failures="0" tests="6" name="Test" time="0.091" errors="0" timestamp="2022-09-02T21:42:57 IST">
  <testcase classname="Task.Customer" name="createcustomer" time="0.008"/>
  <testcase classname="Task.Customer" name="deletcustomer" time="0.001"/>
  <testcase classname="Task.Customer" name="archivecustomer" time="0.001"/>
  <testcase classname="Task.Project" name="add_task_project" time="0.001"/>
  <testcase classname="Task.Project" name="createproject" time="0.002"/>
  <testcase classname="Task.Project" name="deleteproject" time="0.001"/>
</testsuite> <!-- Test -->
