<?xml version="1.0" encoding="UTF-8"?>
<!-- Generated by org.testng.reporters.JUnitXMLReporter -->
<testsuite ignored="0" hostname="PC-f7ad11" failures="0" tests="22" name="Test1" time="125.166" errors="0" timestamp="2022-09-16T21:22:33 IST">
  <testcase classname="Task.Customer" name="createcustomer" time="2.636"/>
  <testcase classname="Task.Customer" name="createcustomer" time="1.934"/>
  <testcase classname="Task.Customer" name="createcustomer" time="2.877"/>
  <testcase classname="Task.Customer" name="createcustomer" time="2.681"/>
  <testcase classname="Task.Customer" name="createcustomer" time="1.789"/>
  <testcase classname="Task.Customer" name="createcustomer" time="1.747"/>
  <testcase classname="Task.Customer" name="createcustomer" time="2.573"/>
  <testcase classname="Task.Customer" name="createcustomer" time="2.952"/>
  <testcase classname="Task.Customer" name="createcustomer" time="2.058"/>
  <testcase classname="Task.Customer" name="createcustomer" time="1.736"/>
  <testcase classname="Task.Customer" name="createcustomer" time="1.847"/>
  <testcase classname="Task.Customer" name="deletecustomer" time="1.954"/>
  <testcase classname="Task.Customer" name="deletecustomer" time="1.889"/>
  <testcase classname="Task.Customer" name="deletecustomer" time="1.866"/>
  <testcase classname="Task.Customer" name="deletecustomer" time="2.883"/>
  <testcase classname="Task.Customer" name="deletecustomer" time="2.802"/>
  <testcase classname="Task.Customer" name="deletecustomer" time="2.8"/>
  <testcase classname="Task.Customer" name="deletecustomer" time="2.892"/>
  <testcase classname="Task.Customer" name="deletecustomer" time="2.047"/>
  <testcase classname="Task.Customer" name="deletecustomer" time="2.078"/>
  <testcase classname="Task.Customer" name="deletecustomer" time="3.003"/>
  <testcase classname="Task.Customer" name="deletecustomer" time="2.984"/>
</testsuite> <!-- Test1 -->
