<?xml version="1.0" encoding="UTF-8"?>
<testng-results ignored="1" total="12" passed="11" failed="0" skipped="0">
  <reporter-output>
  </reporter-output>
  <suite started-at="2022-09-19T22:02:31 IST" name="Suite" finished-at="2022-09-19T22:03:36 IST" duration-ms="65589">
    <groups>
    </groups>
    <test started-at="2022-09-19T22:02:31 IST" name="Test1" finished-at="2022-09-19T22:03:36 IST" duration-ms="65589">
      <class name="Task.Customer">
        <test-method is-config="true" signature="login_actitime(java.lang.String,java.lang.String,java.lang.String,java.lang.String)[pri:0, instance:Task.Customer@2c35e847]" started-at="2022-09-19T22:02:32 IST" name="login_actitime" finished-at="2022-09-19T22:02:36 IST" duration-ms="4415" status="PASS">
          <params>
            <param index="0">
              <value>
                <![CDATA[chrome]]>
              </value>
            </param>
            <param index="1">
              <value>
                <![CDATA[http://127.0.0.1/login.do;jsessionid=b5n2f3ech8c9b]]>
              </value>
            </param>
            <param index="2">
              <value>
                <![CDATA[admin]]>
              </value>
            </param>
            <param index="3">
              <value>
                <![CDATA[manager]]>
              </value>
            </param>
          </params>
          <reporter-output>
          </reporter-output>
        </test-method> <!-- login_actitime -->
        <test-method signature="createcustomer(java.lang.String,java.lang.String)[pri:1, instance:Task.Customer@2c35e847]" started-at="2022-09-19T22:02:36 IST" name="createcustomer" data-provider="createcustomer" finished-at="2022-09-19T22:02:39 IST" duration-ms="2656" status="PASS">
          <params>
            <param index="0">
              <value>
                <![CDATA[LNT info Tech1]]>
              </value>
            </param>
            <param index="1">
              <value>
                <![CDATA[service based company1]]>
              </value>
            </param>
          </params>
          <reporter-output>
          </reporter-output>
        </test-method> <!-- createcustomer -->
        <test-method is-config="true" signature="logout_actitime()[pri:0, instance:Task.Customer@2c35e847]" started-at="2022-09-19T22:02:39 IST" name="logout_actitime" finished-at="2022-09-19T22:02:39 IST" duration-ms="514" status="PASS">
          <reporter-output>
          </reporter-output>
        </test-method> <!-- logout_actitime -->
        <test-method is-config="true" signature="login_actitime(java.lang.String,java.lang.String,java.lang.String,java.lang.String)[pri:0, instance:Task.Customer@2c35e847]" started-at="2022-09-19T22:02:39 IST" name="login_actitime" finished-at="2022-09-19T22:02:42 IST" duration-ms="2328" status="PASS">
          <params>
            <param index="0">
              <value>
                <![CDATA[chrome]]>
              </value>
            </param>
            <param index="1">
              <value>
                <![CDATA[http://127.0.0.1/login.do;jsessionid=b5n2f3ech8c9b]]>
              </value>
            </param>
            <param index="2">
              <value>
                <![CDATA[admin]]>
              </value>
            </param>
            <param index="3">
              <value>
                <![CDATA[manager]]>
              </value>
            </param>
          </params>
          <reporter-output>
          </reporter-output>
        </test-method> <!-- login_actitime -->
        <test-method signature="createcustomer(java.lang.String,java.lang.String)[pri:1, instance:Task.Customer@2c35e847]" started-at="2022-09-19T22:02:42 IST" name="createcustomer" data-provider="createcustomer" finished-at="2022-09-19T22:02:45 IST" duration-ms="2821" status="PASS">
          <params>
            <param index="0">
              <value>
                <![CDATA[LNT info Tech2]]>
              </value>
            </param>
            <param index="1">
              <value>
                <![CDATA[service based company2]]>
              </value>
            </param>
          </params>
          <reporter-output>
          </reporter-output>
        </test-method> <!-- createcustomer -->
        <test-method is-config="true" signature="logout_actitime()[pri:0, instance:Task.Customer@2c35e847]" started-at="2022-09-19T22:02:45 IST" name="logout_actitime" finished-at="2022-09-19T22:02:45 IST" duration-ms="574" status="PASS">
          <reporter-output>
          </reporter-output>
        </test-method> <!-- logout_actitime -->
        <test-method is-config="true" signature="login_actitime(java.lang.String,java.lang.String,java.lang.String,java.lang.String)[pri:0, instance:Task.Customer@2c35e847]" started-at="2022-09-19T22:02:45 IST" name="login_actitime" finished-at="2022-09-19T22:02:48 IST" duration-ms="2414" status="PASS">
          <params>
            <param index="0">
              <value>
                <![CDATA[chrome]]>
              </value>
            </param>
            <param index="1">
              <value>
                <![CDATA[http://127.0.0.1/login.do;jsessionid=b5n2f3ech8c9b]]>
              </value>
            </param>
            <param index="2">
              <value>
                <![CDATA[admin]]>
              </value>
            </param>
            <param index="3">
              <value>
                <![CDATA[manager]]>
              </value>
            </param>
          </params>
          <reporter-output>
          </reporter-output>
        </test-method> <!-- login_actitime -->
        <test-method signature="createcustomer(java.lang.String,java.lang.String)[pri:1, instance:Task.Customer@2c35e847]" started-at="2022-09-19T22:02:48 IST" name="createcustomer" data-provider="createcustomer" finished-at="2022-09-19T22:02:50 IST" duration-ms="2611" status="PASS">
          <params>
            <param index="0">
              <value>
                <![CDATA[LNT info Tech3]]>
              </value>
            </param>
            <param index="1">
              <value>
                <![CDATA[service based company3]]>
              </value>
            </param>
          </params>
          <reporter-output>
          </reporter-output>
        </test-method> <!-- createcustomer -->
        <test-method is-config="true" signature="logout_actitime()[pri:0, instance:Task.Customer@2c35e847]" started-at="2022-09-19T22:02:50 IST" name="logout_actitime" finished-at="2022-09-19T22:02:51 IST" duration-ms="608" status="PASS">
          <reporter-output>
          </reporter-output>
        </test-method> <!-- logout_actitime -->
        <test-method is-config="true" signature="login_actitime(java.lang.String,java.lang.String,java.lang.String,java.lang.String)[pri:0, instance:Task.Customer@2c35e847]" started-at="2022-09-19T22:02:51 IST" name="login_actitime" finished-at="2022-09-19T22:02:53 IST" duration-ms="2153" status="PASS">
          <params>
            <param index="0">
              <value>
                <![CDATA[chrome]]>
              </value>
            </param>
            <param index="1">
              <value>
                <![CDATA[http://127.0.0.1/login.do;jsessionid=b5n2f3ech8c9b]]>
              </value>
            </param>
            <param index="2">
              <value>
                <![CDATA[admin]]>
              </value>
            </param>
            <param index="3">
              <value>
                <![CDATA[manager]]>
              </value>
            </param>
          </params>
          <reporter-output>
          </reporter-output>
        </test-method> <!-- login_actitime -->
        <test-method signature="createcustomer(java.lang.String,java.lang.String)[pri:1, instance:Task.Customer@2c35e847]" started-at="2022-09-19T22:02:53 IST" name="createcustomer" data-provider="createcustomer" finished-at="2022-09-19T22:02:56 IST" duration-ms="2661" status="PASS">
          <params>
            <param index="0">
              <value>
                <![CDATA[LNT info Tech4]]>
              </value>
            </param>
            <param index="1">
              <value>
                <![CDATA[service based company4]]>
              </value>
            </param>
          </params>
          <reporter-output>
          </reporter-output>
        </test-method> <!-- createcustomer -->
        <test-method is-config="true" signature="logout_actitime()[pri:0, instance:Task.Customer@2c35e847]" started-at="2022-09-19T22:02:56 IST" name="logout_actitime" finished-at="2022-09-19T22:02:56 IST" duration-ms="606" status="PASS">
          <reporter-output>
          </reporter-output>
        </test-method> <!-- logout_actitime -->
        <test-method is-config="true" signature="login_actitime(java.lang.String,java.lang.String,java.lang.String,java.lang.String)[pri:0, instance:Task.Customer@2c35e847]" started-at="2022-09-19T22:02:56 IST" name="login_actitime" finished-at="2022-09-19T22:03:01 IST" duration-ms="4528" status="PASS">
          <params>
            <param index="0">
              <value>
                <![CDATA[chrome]]>
              </value>
            </param>
            <param index="1">
              <value>
                <![CDATA[http://127.0.0.1/login.do;jsessionid=b5n2f3ech8c9b]]>
              </value>
            </param>
            <param index="2">
              <value>
                <![CDATA[admin]]>
              </value>
            </param>
            <param index="3">
              <value>
                <![CDATA[manager]]>
              </value>
            </param>
          </params>
          <reporter-output>
          </reporter-output>
        </test-method> <!-- login_actitime -->
        <test-method signature="createcustomer(java.lang.String,java.lang.String)[pri:1, instance:Task.Customer@2c35e847]" started-at="2022-09-19T22:03:01 IST" name="createcustomer" data-provider="createcustomer" finished-at="2022-09-19T22:03:03 IST" duration-ms="2665" status="PASS">
          <params>
            <param index="0">
              <value>
                <![CDATA[LNT info Tech5]]>
              </value>
            </param>
            <param index="1">
              <value>
                <![CDATA[service based company5]]>
              </value>
            </param>
          </params>
          <reporter-output>
          </reporter-output>
        </test-method> <!-- createcustomer -->
        <test-method is-config="true" signature="logout_actitime()[pri:0, instance:Task.Customer@2c35e847]" started-at="2022-09-19T22:03:03 IST" name="logout_actitime" finished-at="2022-09-19T22:03:04 IST" duration-ms="553" status="PASS">
          <reporter-output>
          </reporter-output>
        </test-method> <!-- logout_actitime -->
        <test-method is-config="true" signature="login_actitime(java.lang.String,java.lang.String,java.lang.String,java.lang.String)[pri:0, instance:Task.Customer@2c35e847]" started-at="2022-09-19T22:03:04 IST" name="login_actitime" finished-at="2022-09-19T22:03:06 IST" duration-ms="2092" status="PASS">
          <params>
            <param index="0">
              <value>
                <![CDATA[chrome]]>
              </value>
            </param>
            <param index="1">
              <value>
                <![CDATA[http://127.0.0.1/login.do;jsessionid=b5n2f3ech8c9b]]>
              </value>
            </param>
            <param index="2">
              <value>
                <![CDATA[admin]]>
              </value>
            </param>
            <param index="3">
              <value>
                <![CDATA[manager]]>
              </value>
            </param>
          </params>
          <reporter-output>
          </reporter-output>
        </test-method> <!-- login_actitime -->
        <test-method signature="createcustomer(java.lang.String,java.lang.String)[pri:1, instance:Task.Customer@2c35e847]" started-at="2022-09-19T22:03:06 IST" name="createcustomer" data-provider="createcustomer" finished-at="2022-09-19T22:03:09 IST" duration-ms="2598" status="PASS">
          <params>
            <param index="0">
              <value>
                <![CDATA[LNT info Tech6]]>
              </value>
            </param>
            <param index="1">
              <value>
                <![CDATA[service based company6]]>
              </value>
            </param>
          </params>
          <reporter-output>
          </reporter-output>
        </test-method> <!-- createcustomer -->
        <test-method is-config="true" signature="logout_actitime()[pri:0, instance:Task.Customer@2c35e847]" started-at="2022-09-19T22:03:09 IST" name="logout_actitime" finished-at="2022-09-19T22:03:09 IST" duration-ms="615" status="PASS">
          <reporter-output>
          </reporter-output>
        </test-method> <!-- logout_actitime -->
        <test-method is-config="true" signature="login_actitime(java.lang.String,java.lang.String,java.lang.String,java.lang.String)[pri:0, instance:Task.Customer@2c35e847]" started-at="2022-09-19T22:03:09 IST" name="login_actitime" finished-at="2022-09-19T22:03:11 IST" duration-ms="2138" status="PASS">
          <params>
            <param index="0">
              <value>
                <![CDATA[chrome]]>
              </value>
            </param>
            <param index="1">
              <value>
                <![CDATA[http://127.0.0.1/login.do;jsessionid=b5n2f3ech8c9b]]>
              </value>
            </param>
            <param index="2">
              <value>
                <![CDATA[admin]]>
              </value>
            </param>
            <param index="3">
              <value>
                <![CDATA[manager]]>
              </value>
            </param>
          </params>
          <reporter-output>
          </reporter-output>
        </test-method> <!-- login_actitime -->
        <test-method signature="createcustomer(java.lang.String,java.lang.String)[pri:1, instance:Task.Customer@2c35e847]" started-at="2022-09-19T22:03:11 IST" name="createcustomer" data-provider="createcustomer" finished-at="2022-09-19T22:03:14 IST" duration-ms="2685" status="PASS">
          <params>
            <param index="0">
              <value>
                <![CDATA[LNT info Tech7]]>
              </value>
            </param>
            <param index="1">
              <value>
                <![CDATA[service based company7]]>
              </value>
            </param>
          </params>
          <reporter-output>
          </reporter-output>
        </test-method> <!-- createcustomer -->
        <test-method is-config="true" signature="logout_actitime()[pri:0, instance:Task.Customer@2c35e847]" started-at="2022-09-19T22:03:14 IST" name="logout_actitime" finished-at="2022-09-19T22:03:15 IST" duration-ms="535" status="PASS">
          <reporter-output>
          </reporter-output>
        </test-method> <!-- logout_actitime -->
        <test-method is-config="true" signature="login_actitime(java.lang.String,java.lang.String,java.lang.String,java.lang.String)[pri:0, instance:Task.Customer@2c35e847]" started-at="2022-09-19T22:03:15 IST" name="login_actitime" finished-at="2022-09-19T22:03:17 IST" duration-ms="2270" status="PASS">
          <params>
            <param index="0">
              <value>
                <![CDATA[chrome]]>
              </value>
            </param>
            <param index="1">
              <value>
                <![CDATA[http://127.0.0.1/login.do;jsessionid=b5n2f3ech8c9b]]>
              </value>
            </param>
            <param index="2">
              <value>
                <![CDATA[admin]]>
              </value>
            </param>
            <param index="3">
              <value>
                <![CDATA[manager]]>
              </value>
            </param>
          </params>
          <reporter-output>
          </reporter-output>
        </test-method> <!-- login_actitime -->
        <test-method signature="createcustomer(java.lang.String,java.lang.String)[pri:1, instance:Task.Customer@2c35e847]" started-at="2022-09-19T22:03:17 IST" name="createcustomer" data-provider="createcustomer" finished-at="2022-09-19T22:03:19 IST" duration-ms="2519" status="PASS">
          <params>
            <param index="0">
              <value>
                <![CDATA[LNT info Tech8]]>
              </value>
            </param>
            <param index="1">
              <value>
                <![CDATA[service based company8]]>
              </value>
            </param>
          </params>
          <reporter-output>
          </reporter-output>
        </test-method> <!-- createcustomer -->
        <test-method is-config="true" signature="logout_actitime()[pri:0, instance:Task.Customer@2c35e847]" started-at="2022-09-19T22:03:19 IST" name="logout_actitime" finished-at="2022-09-19T22:03:20 IST" duration-ms="549" status="PASS">
          <reporter-output>
          </reporter-output>
        </test-method> <!-- logout_actitime -->
        <test-method is-config="true" signature="login_actitime(java.lang.String,java.lang.String,java.lang.String,java.lang.String)[pri:0, instance:Task.Customer@2c35e847]" started-at="2022-09-19T22:03:20 IST" name="login_actitime" finished-at="2022-09-19T22:03:22 IST" duration-ms="2001" status="PASS">
          <params>
            <param index="0">
              <value>
                <![CDATA[chrome]]>
              </value>
            </param>
            <param index="1">
              <value>
                <![CDATA[http://127.0.0.1/login.do;jsessionid=b5n2f3ech8c9b]]>
              </value>
            </param>
            <param index="2">
              <value>
                <![CDATA[admin]]>
              </value>
            </param>
            <param index="3">
              <value>
                <![CDATA[manager]]>
              </value>
            </param>
          </params>
          <reporter-output>
          </reporter-output>
        </test-method> <!-- login_actitime -->
        <test-method signature="createcustomer(java.lang.String,java.lang.String)[pri:1, instance:Task.Customer@2c35e847]" started-at="2022-09-19T22:03:22 IST" name="createcustomer" data-provider="createcustomer" finished-at="2022-09-19T22:03:25 IST" duration-ms="2547" status="PASS">
          <params>
            <param index="0">
              <value>
                <![CDATA[LNT info Tech9]]>
              </value>
            </param>
            <param index="1">
              <value>
                <![CDATA[service based company9]]>
              </value>
            </param>
          </params>
          <reporter-output>
          </reporter-output>
        </test-method> <!-- createcustomer -->
        <test-method is-config="true" signature="logout_actitime()[pri:0, instance:Task.Customer@2c35e847]" started-at="2022-09-19T22:03:25 IST" name="logout_actitime" finished-at="2022-09-19T22:03:25 IST" duration-ms="605" status="PASS">
          <reporter-output>
          </reporter-output>
        </test-method> <!-- logout_actitime -->
        <test-method is-config="true" signature="login_actitime(java.lang.String,java.lang.String,java.lang.String,java.lang.String)[pri:0, instance:Task.Customer@2c35e847]" started-at="2022-09-19T22:03:25 IST" name="login_actitime" finished-at="2022-09-19T22:03:27 IST" duration-ms="2142" status="PASS">
          <params>
            <param index="0">
              <value>
                <![CDATA[chrome]]>
              </value>
            </param>
            <param index="1">
              <value>
                <![CDATA[http://127.0.0.1/login.do;jsessionid=b5n2f3ech8c9b]]>
              </value>
            </param>
            <param index="2">
              <value>
                <![CDATA[admin]]>
              </value>
            </param>
            <param index="3">
              <value>
                <![CDATA[manager]]>
              </value>
            </param>
          </params>
          <reporter-output>
          </reporter-output>
        </test-method> <!-- login_actitime -->
        <test-method signature="createcustomer(java.lang.String,java.lang.String)[pri:1, instance:Task.Customer@2c35e847]" started-at="2022-09-19T22:03:27 IST" name="createcustomer" data-provider="createcustomer" finished-at="2022-09-19T22:03:30 IST" duration-ms="2783" status="PASS">
          <params>
            <param index="0">
              <value>
                <![CDATA[LNT info Tech10]]>
              </value>
            </param>
            <param index="1">
              <value>
                <![CDATA[service based company10]]>
              </value>
            </param>
          </params>
          <reporter-output>
          </reporter-output>
        </test-method> <!-- createcustomer -->
        <test-method is-config="true" signature="logout_actitime()[pri:0, instance:Task.Customer@2c35e847]" started-at="2022-09-19T22:03:30 IST" name="logout_actitime" finished-at="2022-09-19T22:03:31 IST" duration-ms="599" status="PASS">
          <reporter-output>
          </reporter-output>
        </test-method> <!-- logout_actitime -->
        <test-method is-config="true" signature="login_actitime(java.lang.String,java.lang.String,java.lang.String,java.lang.String)[pri:0, instance:Task.Customer@2c35e847]" started-at="2022-09-19T22:03:31 IST" name="login_actitime" finished-at="2022-09-19T22:03:33 IST" duration-ms="2321" status="PASS">
          <params>
            <param index="0">
              <value>
                <![CDATA[chrome]]>
              </value>
            </param>
            <param index="1">
              <value>
                <![CDATA[http://127.0.0.1/login.do;jsessionid=b5n2f3ech8c9b]]>
              </value>
            </param>
            <param index="2">
              <value>
                <![CDATA[admin]]>
              </value>
            </param>
            <param index="3">
              <value>
                <![CDATA[manager]]>
              </value>
            </param>
          </params>
          <reporter-output>
          </reporter-output>
        </test-method> <!-- login_actitime -->
        <test-method signature="createcustomer(java.lang.String,java.lang.String)[pri:1, instance:Task.Customer@2c35e847]" started-at="2022-09-19T22:03:33 IST" name="createcustomer" data-provider="createcustomer" finished-at="2022-09-19T22:03:36 IST" duration-ms="2775" status="PASS">
          <params>
            <param index="0">
              <value>
                <![CDATA[LNT info Tech11]]>
              </value>
            </param>
            <param index="1">
              <value>
                <![CDATA[service based company11]]>
              </value>
            </param>
          </params>
          <reporter-output>
          </reporter-output>
        </test-method> <!-- createcustomer -->
        <test-method is-config="true" signature="logout_actitime()[pri:0, instance:Task.Customer@2c35e847]" started-at="2022-09-19T22:03:36 IST" name="logout_actitime" finished-at="2022-09-19T22:03:36 IST" duration-ms="567" status="PASS">
          <reporter-output>
          </reporter-output>
        </test-method> <!-- logout_actitime -->
      </class> <!-- Task.Customer -->
    </test> <!-- Test1 -->
  </suite> <!-- Suite -->
</testng-results>
